<?xml version="1.0" encoding="UTF-8"?>
<testsuite xmlns:xsi="http://www.w3.org/2001/XMLSchema-instance" xsi:noNamespaceSchemaLocation="https://maven.apache.org/surefire/maven-surefire-plugin/xsd/surefire-test-report.xsd" version="3.0.2" name="TestSuite" time="0.332" tests="4" errors="0" skipped="0" failures="0">
  <properties>
[...]
</properties>
  <testcase name="m1" classname="pac1.createContactTest" time="0.004">
    <system-out><![CDATA[execute createContactTest
]]></system-out>
    <system-err><![CDATA[SLF4J: Failed to load class "org.slf4j.impl.StaticLoggerBinder".
SLF4J: Defaulting to no-operation (NOP) logger implementation
SLF4J: See http://www.slf4j.org/codes.html#StaticLoggerBinder for further details.
]]></system-err>
  </testcase>
  <testcase name="m1" classname="pac1.createContactTest$modifyContactTest" time="0.001">
    <system-out><![CDATA[execute modifyContactTest
]]></system-out>
  </testcase>
  <testcase name="createOrgTest" classname="pac2.OrgTest" time="0.001">
    <system-out><![CDATA[execute createOrgTest
]]></system-out>
  </testcase>
  <testcase name="modifyOrgTest" classname="pac2.OrgTest" time="0.002">
    <system-out><![CDATA[execute modifyOrgTest
]]></system-out>
  </testcase>
</testsuite>