<?xml version="1.0" encoding="UTF-8"?>
<testng-results ignored="0" total="3" passed="3" failed="0" skipped="0">
  <reporter-output>
  </reporter-output>
  <suite started-at="2026-09-22T12:15:58 IST" name="Suite" finished-at="2026-09-22T12:15:58 IST" duration-ms="60">
    <groups>
    </groups>
    <test started-at="2026-09-22T12:15:58 IST" name="Test" finished-at="2026-09-22T12:15:58 IST" duration-ms="60">
      <class name="pac1.createContactTest">
        <test-method signature="m1()[pri:0, instance:pac1.createContactTest@4d5d943d]" started-at="2026-09-22T12:15:58 IST" name="m1" finished-at="2026-09-22T12:15:58 IST" duration-ms="9" status="PASS">
          <reporter-output>
          </reporter-output>
        </test-method> <!-- m1 -->
      </class> <!-- pac1.createContactTest -->
      <class name="pac2.OrgTest">
        <test-method signature="createOrgTest()[pri:0, instance:pac2.OrgTest@47eaca72]" started-at="2026-09-22T12:15:58 IST" name="createOrgTest" finished-at="2026-09-22T12:15:58 IST" duration-ms="1" status="PASS">
          <reporter-output>
          </reporter-output>
        </test-method> <!-- createOrgTest -->
        <test-method signature="modifyOrgTest()[pri:0, instance:pac2.OrgTest@47eaca72]" started-at="2026-09-22T12:15:58 IST" name="modifyOrgTest" finished-at="2026-09-22T12:15:58 IST" duration-ms="1" status="PASS">
          <reporter-output>
          </reporter-output>
        </test-method> <!-- modifyOrgTest -->
      </class> <!-- pac2.OrgTest -->
    </test> <!-- Test -->
  </suite> <!-- Suite -->
</testng-results>
